0 info it worked if it ends with ok
1 verbose cli [ '/home/isaula/.nvm/versions/node/v7.2.0/bin/node',
1 verbose cli   '/home/isaula/.nvm/versions/node/v7.2.0/bin/npm',
1 verbose cli   'run',
1 verbose cli   'src/' ]
2 info using npm@3.10.9
3 info using node@v7.2.0
4 verbose stack Error: missing script: src/
4 verbose stack     at run (/home/isaula/.nvm/versions/node/v7.2.0/lib/node_modules/npm/lib/run-script.js:151:19)
4 verbose stack     at /home/isaula/.nvm/versions/node/v7.2.0/lib/node_modules/npm/lib/run-script.js:61:5
4 verbose stack     at /home/isaula/.nvm/versions/node/v7.2.0/lib/node_modules/npm/node_modules/read-package-json/read-json.js:356:5
4 verbose stack     at checkBinReferences_ (/home/isaula/.nvm/versions/node/v7.2.0/lib/node_modules/npm/node_modules/read-package-json/read-json.js:320:45)
4 verbose stack     at final (/home/isaula/.nvm/versions/node/v7.2.0/lib/node_modules/npm/node_modules/read-package-json/read-json.js:354:3)
4 verbose stack     at then (/home/isaula/.nvm/versions/node/v7.2.0/lib/node_modules/npm/node_modules/read-package-json/read-json.js:124:5)
4 verbose stack     at /home/isaula/.nvm/versions/node/v7.2.0/lib/node_modules/npm/node_modules/read-package-json/read-json.js:243:12
4 verbose stack     at /home/isaula/.nvm/versions/node/v7.2.0/lib/node_modules/npm/node_modules/graceful-fs/graceful-fs.js:78:16
4 verbose stack     at tryToString (fs.js:425:3)
4 verbose stack     at FSReqWrap.readFileAfterClose [as oncomplete] (fs.js:412:12)
5 verbose cwd /media/isaula/documentos/4to Perido 2016/Generacion de Empresas/SpotterSaver/WebApp
6 error Linux 4.4.0-21-generic
7 error argv "/home/isaula/.nvm/versions/node/v7.2.0/bin/node" "/home/isaula/.nvm/versions/node/v7.2.0/bin/npm" "run" "src/"
8 error node v7.2.0
9 error npm  v3.10.9
10 error missing script: src/
11 error If you need help, you may report this error at:
11 error     <https://github.com/npm/npm/issues>
12 verbose exit [ 1, true ]
